C:\Program Files (x86)\Microsoft Visual Studio\2019\Community\MSBuild\Microsoft\VC\v160\Microsoft.CppBuild.targets(477,5): warning MSB8004: El directorio Output no termina con una barra diagonal final. Esta instancia de compilación agregará la barra diagonal porque es necesaria para que se pueda evaluar correctamente el directorio Output.
  Physics.cpp
D:\Usuarios\traxo\Documentos\GitHub\KirbyGameDev\KirbyGameDev\Game\Source\Animation.h(54,19): warning C4244: 'inicializando': conversión de 'const float' a 'int'; posible pérdida de datos
D:\Usuarios\traxo\Documentos\GitHub\KirbyGameDev\KirbyGameDev\Game\Source\Animation.h(55,58): warning C4244: '=': conversión de 'float' a 'int'; posible pérdida de datos
D:\Usuarios\traxo\Documentos\GitHub\KirbyGameDev\KirbyGameDev\Game\Source\Physics.cpp(36,8): warning C4244: 'inicializando': conversión de 'float' a 'int'; posible pérdida de datos
D:\Usuarios\traxo\Documentos\GitHub\KirbyGameDev\KirbyGameDev\Game\Source\Physics.cpp(120,2): warning C4838: la conversión de 'double' en 'int' requiere una conversión de restricción
D:\Usuarios\traxo\Documentos\GitHub\KirbyGameDev\KirbyGameDev\Game\Source\Physics.cpp(120,2): warning C4244: 'inicializando': conversión de 'double' a 'int'; posible pérdida de datos
D:\Usuarios\traxo\Documentos\GitHub\KirbyGameDev\KirbyGameDev\Game\Source\Physics.cpp(121,2): warning C4838: la conversión de 'double' en 'int' requiere una conversión de restricción
D:\Usuarios\traxo\Documentos\GitHub\KirbyGameDev\KirbyGameDev\Game\Source\Physics.cpp(121,2): warning C4244: 'inicializando': conversión de 'double' a 'int'; posible pérdida de datos
D:\Usuarios\traxo\Documentos\GitHub\KirbyGameDev\KirbyGameDev\Game\Source\Physics.cpp(121,10): warning C4838: la conversión de 'double' en 'int' requiere una conversión de restricción
D:\Usuarios\traxo\Documentos\GitHub\KirbyGameDev\KirbyGameDev\Game\Source\Physics.cpp(121,10): warning C4244: 'inicializando': conversión de 'double' a 'int'; posible pérdida de datos
D:\Usuarios\traxo\Documentos\GitHub\KirbyGameDev\KirbyGameDev\Game\Source\Physics.cpp(122,2): warning C4838: la conversión de 'double' en 'int' requiere una conversión de restricción
D:\Usuarios\traxo\Documentos\GitHub\KirbyGameDev\KirbyGameDev\Game\Source\Physics.cpp(122,2): warning C4244: 'inicializando': conversión de 'double' a 'int'; posible pérdida de datos
D:\Usuarios\traxo\Documentos\GitHub\KirbyGameDev\KirbyGameDev\Game\Source\Physics.cpp(122,10): warning C4838: la conversión de 'double' en 'int' requiere una conversión de restricción
D:\Usuarios\traxo\Documentos\GitHub\KirbyGameDev\KirbyGameDev\Game\Source\Physics.cpp(122,10): warning C4244: 'inicializando': conversión de 'double' a 'int'; posible pérdida de datos
D:\Usuarios\traxo\Documentos\GitHub\KirbyGameDev\KirbyGameDev\Game\Source\Physics.cpp(123,2): warning C4838: la conversión de 'double' en 'int' requiere una conversión de restricción
D:\Usuarios\traxo\Documentos\GitHub\KirbyGameDev\KirbyGameDev\Game\Source\Physics.cpp(123,2): warning C4244: 'inicializando': conversión de 'double' a 'int'; posible pérdida de datos
D:\Usuarios\traxo\Documentos\GitHub\KirbyGameDev\KirbyGameDev\Game\Source\Physics.cpp(123,10): warning C4838: la conversión de 'double' en 'int' requiere una conversión de restricción
D:\Usuarios\traxo\Documentos\GitHub\KirbyGameDev\KirbyGameDev\Game\Source\Physics.cpp(123,10): warning C4244: 'inicializando': conversión de 'double' a 'int'; posible pérdida de datos
D:\Usuarios\traxo\Documentos\GitHub\KirbyGameDev\KirbyGameDev\Game\Source\Physics.cpp(124,2): warning C4838: la conversión de 'double' en 'int' requiere una conversión de restricción
D:\Usuarios\traxo\Documentos\GitHub\KirbyGameDev\KirbyGameDev\Game\Source\Physics.cpp(124,2): warning C4244: 'inicializando': conversión de 'double' a 'int'; posible pérdida de datos
D:\Usuarios\traxo\Documentos\GitHub\KirbyGameDev\KirbyGameDev\Game\Source\Physics.cpp(124,10): warning C4838: la conversión de 'double' en 'int' requiere una conversión de restricción
D:\Usuarios\traxo\Documentos\GitHub\KirbyGameDev\KirbyGameDev\Game\Source\Physics.cpp(124,10): warning C4244: 'inicializando': conversión de 'double' a 'int'; posible pérdida de datos
D:\Usuarios\traxo\Documentos\GitHub\KirbyGameDev\KirbyGameDev\Game\Source\Physics.cpp(125,2): warning C4838: la conversión de 'double' en 'int' requiere una conversión de restricción
D:\Usuarios\traxo\Documentos\GitHub\KirbyGameDev\KirbyGameDev\Game\Source\Physics.cpp(125,2): warning C4244: 'inicializando': conversión de 'double' a 'int'; posible pérdida de datos
D:\Usuarios\traxo\Documentos\GitHub\KirbyGameDev\KirbyGameDev\Game\Source\Physics.cpp(125,10): warning C4838: la conversión de 'double' en 'int' requiere una conversión de restricción
D:\Usuarios\traxo\Documentos\GitHub\KirbyGameDev\KirbyGameDev\Game\Source\Physics.cpp(125,10): warning C4244: 'inicializando': conversión de 'double' a 'int'; posible pérdida de datos
D:\Usuarios\traxo\Documentos\GitHub\KirbyGameDev\KirbyGameDev\Game\Source\Physics.cpp(126,2): warning C4838: la conversión de 'double' en 'int' requiere una conversión de restricción
D:\Usuarios\traxo\Documentos\GitHub\KirbyGameDev\KirbyGameDev\Game\Source\Physics.cpp(126,2): warning C4244: 'inicializando': conversión de 'double' a 'int'; posible pérdida de datos
D:\Usuarios\traxo\Documentos\GitHub\KirbyGameDev\KirbyGameDev\Game\Source\Physics.cpp(126,10): warning C4838: la conversión de 'double' en 'int' requiere una conversión de restricción
D:\Usuarios\traxo\Documentos\GitHub\KirbyGameDev\KirbyGameDev\Game\Source\Physics.cpp(126,10): warning C4244: 'inicializando': conversión de 'double' a 'int'; posible pérdida de datos
D:\Usuarios\traxo\Documentos\GitHub\KirbyGameDev\KirbyGameDev\Game\Source\Physics.cpp(127,2): warning C4838: la conversión de 'double' en 'int' requiere una conversión de restricción
D:\Usuarios\traxo\Documentos\GitHub\KirbyGameDev\KirbyGameDev\Game\Source\Physics.cpp(127,2): warning C4244: 'inicializando': conversión de 'double' a 'int'; posible pérdida de datos
D:\Usuarios\traxo\Documentos\GitHub\KirbyGameDev\KirbyGameDev\Game\Source\Physics.cpp(145,40): warning C4244: 'argumento': conversión de 'double' a 'int'; posible pérdida de datos
D:\Usuarios\traxo\Documentos\GitHub\KirbyGameDev\KirbyGameDev\Game\Source\Physics.cpp(147,40): warning C4244: 'argumento': conversión de 'double' a 'int'; posible pérdida de datos
D:\Usuarios\traxo\Documentos\GitHub\KirbyGameDev\KirbyGameDev\Game\Source\Physics.cpp(219,23): warning C4244: '=': conversión de 'float' a 'int'; posible pérdida de datos
D:\Usuarios\traxo\Documentos\GitHub\KirbyGameDev\KirbyGameDev\Game\Source\Physics.cpp(220,25): warning C4244: '=': conversión de 'float' a 'int'; posible pérdida de datos
D:\Usuarios\traxo\Documentos\GitHub\KirbyGameDev\KirbyGameDev\Game\Source\Physics.cpp(263,21): warning C4018: '<': no coinciden signed/unsigned
D:\Usuarios\traxo\Documentos\GitHub\KirbyGameDev\KirbyGameDev\Game\Source\Physics.cpp(427,13): warning C4244: 'inicializando': conversión de 'int' a 'float'; posible pérdida de datos
D:\Usuarios\traxo\Documentos\GitHub\KirbyGameDev\KirbyGameDev\Game\Source\Physics.cpp(428,13): warning C4244: 'inicializando': conversión de 'int' a 'float'; posible pérdida de datos
D:\Usuarios\traxo\Documentos\GitHub\KirbyGameDev\KirbyGameDev\Game\Source\Physics.cpp(434,27): warning C4244: 'return': conversión de 'float32' a 'int'; posible pérdida de datos
  Player.cpp
D:\Usuarios\traxo\Documentos\GitHub\KirbyGameDev\KirbyGameDev\Game\Source\Animation.h(54,19): warning C4244: 'inicializando': conversión de 'const float' a 'int'; posible pérdida de datos
D:\Usuarios\traxo\Documentos\GitHub\KirbyGameDev\KirbyGameDev\Game\Source\Animation.h(55,58): warning C4244: '=': conversión de 'float' a 'int'; posible pérdida de datos
  Scene.cpp
D:\Usuarios\traxo\Documentos\GitHub\KirbyGameDev\KirbyGameDev\Game\Source\Animation.h(54,19): warning C4244: 'inicializando': conversión de 'const float' a 'int'; posible pérdida de datos
D:\Usuarios\traxo\Documentos\GitHub\KirbyGameDev\KirbyGameDev\Game\Source\Animation.h(55,58): warning C4244: '=': conversión de 'float' a 'int'; posible pérdida de datos
  Generando código...
  Game.vcxproj -> D:\Usuarios\traxo\Documentos\GitHub\KirbyGameDev\KirbyGameDev\Build\Debug\Game.exe
