C:\Program Files (x86)\Microsoft Visual Studio\2019\Community\MSBuild\Microsoft\VC\v160\Microsoft.CppBuild.targets(499,5): warning MSB8004: El directorio Output no termina con una barra diagonal final. Esta instancia de compilación agregará la barra diagonal porque es necesaria para que se pueda evaluar correctamente el directorio Output.
  App.cpp
C:\Users\paugq\Documents\GitHub\KirbyGameDev\KirbyGameDev\Game\Source\Animation.h(54,19): warning C4244: 'inicializando': conversión de 'const float' a 'int'; posible pérdida de datos
C:\Users\paugq\Documents\GitHub\KirbyGameDev\KirbyGameDev\Game\Source\Animation.h(55,58): warning C4244: '=': conversión de 'float' a 'int'; posible pérdida de datos
  Menu.cpp
C:\Users\paugq\Documents\GitHub\KirbyGameDev\KirbyGameDev\Game\Source\Animation.h(54,19): warning C4244: 'inicializando': conversión de 'const float' a 'int'; posible pérdida de datos
C:\Users\paugq\Documents\GitHub\KirbyGameDev\KirbyGameDev\Game\Source\Animation.h(55,58): warning C4244: '=': conversión de 'float' a 'int'; posible pérdida de datos
  Physics.cpp
C:\Users\paugq\Documents\GitHub\KirbyGameDev\KirbyGameDev\Game\Source\Animation.h(54,19): warning C4244: 'inicializando': conversión de 'const float' a 'int'; posible pérdida de datos
C:\Users\paugq\Documents\GitHub\KirbyGameDev\KirbyGameDev\Game\Source\Animation.h(55,58): warning C4244: '=': conversión de 'float' a 'int'; posible pérdida de datos
Source\Physics.cpp(35,8): warning C4244: 'inicializando': conversión de 'float' a 'int'; posible pérdida de datos
Source\Physics.cpp(177,23): warning C4244: '=': conversión de 'float' a 'int'; posible pérdida de datos
Source\Physics.cpp(178,25): warning C4244: '=': conversión de 'float' a 'int'; posible pérdida de datos
Source\Physics.cpp(221,21): warning C4018: '<': no coinciden signed/unsigned
Source\Physics.cpp(385,13): warning C4244: 'inicializando': conversión de 'int' a 'float'; posible pérdida de datos
Source\Physics.cpp(386,13): warning C4244: 'inicializando': conversión de 'int' a 'float'; posible pérdida de datos
Source\Physics.cpp(392,27): warning C4244: 'return': conversión de 'float32' a 'int'; posible pérdida de datos
  Player.cpp
C:\Users\paugq\Documents\GitHub\KirbyGameDev\KirbyGameDev\Game\Source\Animation.h(54,19): warning C4244: 'inicializando': conversión de 'const float' a 'int'; posible pérdida de datos
C:\Users\paugq\Documents\GitHub\KirbyGameDev\KirbyGameDev\Game\Source\Animation.h(55,58): warning C4244: '=': conversión de 'float' a 'int'; posible pérdida de datos
  Scene.cpp
C:\Users\paugq\Documents\GitHub\KirbyGameDev\KirbyGameDev\Game\Source\Animation.h(54,19): warning C4244: 'inicializando': conversión de 'const float' a 'int'; posible pérdida de datos
C:\Users\paugq\Documents\GitHub\KirbyGameDev\KirbyGameDev\Game\Source\Animation.h(55,58): warning C4244: '=': conversión de 'float' a 'int'; posible pérdida de datos
  Generando código
  4 of 502 functions ( 0.8%) were compiled, the rest were copied from previous compilation.
    0 functions were new in current compilation
    4 functions had inline decision re-evaluated but remain unchanged
  Generación de código finalizada
  Game.vcxproj -> C:\Users\paugq\Documents\GitHub\KirbyGameDev\KirbyGameDev\Build\Release\Game.exe
